0 info it worked if it ends with ok
1 verbose cli [ 'c:\\Program Files\\nodejs\\node.exe',
1 verbose cli   'c:\\Program Files\\nodejs\\node_modules\\npm\\bin\\npm-cli.js',
1 verbose cli   'install' ]
2 info using npm@1.4.28
3 info using node@v0.10.33
4 warn package.json Football@1.0.0 No description
5 warn package.json Football@1.0.0 No repository field.
6 warn package.json Football@1.0.0 No README data
7 verbose readDependencies using package.json deps
8 verbose install where, deps [ 'c:\\users\\victor\\Documents\\source\\FootballProject',
8 verbose install   [ 'karma',
8 verbose install     'karma-chrome-launcher',
8 verbose install     'karma-jasmine',
8 verbose install     'protractor',
8 verbose install     'http-server',
8 verbose install     'tmp',
8 verbose install     'bower',
8 verbose install     'shelljs' ] ]
9 info preinstall Football@1.0.0
10 verbose readDependencies using package.json deps
11 verbose already installed skipping karma@^0.12.16 c:\users\victor\Documents\source\FootballProject
12 verbose already installed skipping karma-chrome-launcher@^0.1.4 c:\users\victor\Documents\source\FootballProject
13 verbose already installed skipping karma-jasmine@^0.1.5 c:\users\victor\Documents\source\FootballProject
14 verbose already installed skipping protractor@~1.0.0 c:\users\victor\Documents\source\FootballProject
15 verbose already installed skipping http-server@^0.6.1 c:\users\victor\Documents\source\FootballProject
16 verbose already installed skipping tmp@0.0.23 c:\users\victor\Documents\source\FootballProject
17 verbose already installed skipping bower@^1.3.1 c:\users\victor\Documents\source\FootballProject
18 verbose already installed skipping shelljs@^0.2.6 c:\users\victor\Documents\source\FootballProject
19 silly resolved []
20 info build c:\users\victor\Documents\source\FootballProject
21 verbose linkStuff [ false, false, false, 'c:\\users\\victor\\Documents\\source' ]
22 info linkStuff Football@1.0.0
23 verbose linkBins Football@1.0.0
24 verbose linkMans Football@1.0.0
25 verbose rebuildBundles Football@1.0.0
26 verbose rebuildBundles [ '.bin',
26 verbose rebuildBundles   'bower',
26 verbose rebuildBundles   'http-server',
26 verbose rebuildBundles   'karma',
26 verbose rebuildBundles   'karma-chrome-launcher',
26 verbose rebuildBundles   'karma-jasmine',
26 verbose rebuildBundles   'protractor',
26 verbose rebuildBundles   'shelljs',
26 verbose rebuildBundles   'tmp' ]
27 info install Football@1.0.0
28 info postinstall Football@1.0.0
29 verbose unsafe-perm in lifecycle true
30 info Football@1.0.0 Failed to exec postinstall script
31 error Football@1.0.0 postinstall: `bower install`
31 error Exit status 1
32 error Failed at the Football@1.0.0 postinstall script.
32 error This is most likely a problem with the Football package,
32 error not with npm itself.
32 error Tell the author that this fails on your system:
32 error     bower install
32 error You can get their info via:
32 error     npm owner ls Football
32 error There is likely additional logging output above.
33 error System Windows_NT 6.2.9200
34 error command "c:\\Program Files\\nodejs\\node.exe" "c:\\Program Files\\nodejs\\node_modules\\npm\\bin\\npm-cli.js" "install"
35 error cwd c:\users\victor\Documents\source\FootballProject
36 error node -v v0.10.33
37 error npm -v 1.4.28
38 error code ELIFECYCLE
39 verbose exit [ 1, true ]
